<?xml version="1.0" encoding="UTF-8"?>
<!-- Generated by org.testng.reporters.JUnitReportReporter -->
<testsuite hostname="LAPTOP-7JARMFJD" failures="0" tests="1" name="MavenProject.Mavenjava.ExtentRepot" time="17.270" errors="0" timestamp="2022-01-17T21:26:52 IST" skipped="0">
  <testcase classname="MavenProject.Mavenjava.ExtentRepot" name="intitalDemo" time="17.270"/>
  <system-out/>
</testsuite> <!-- MavenProject.Mavenjava.ExtentRepot -->
