<?xml version="1.0" encoding="UTF-8"?>
<!-- Generated by org.testng.reporters.JUnitReportReporter -->
<testsuite skipped="0" hostname="LAPTOP-7JARMFJD" name="MavenProject.Mavenjava.AppiumTest" tests="2" failures="0" timestamp="2022-01-17T13:51:27 IST" time="0.007" errors="0">
  <testcase name="IOSApps" time="0.007" classname="MavenProject.Mavenjava.AppiumTest"/>
  <system-out/>
  <testcase name="nativeAppAndrovid" time="0.000" classname="MavenProject.Mavenjava.AppiumTest"/>
  <system-out/>
</testsuite> <!-- MavenProject.Mavenjava.AppiumTest -->
