<?xml version="1.0" encoding="UTF-8"?>
<!-- Generated by org.testng.reporters.JUnitReportReporter -->
<testsuite skipped="0" hostname="LAPTOP-7JARMFJD" name="MavenProject.Mavenjava.SeleniumTest" tests="2" failures="0" timestamp="2022-01-17T13:51:27 IST" time="0.000" errors="0">
  <testcase name="elementsUI" time="0.000" classname="MavenProject.Mavenjava.SeleniumTest"/>
  <system-out/>
  <testcase name="BowserAutomation" time="0.000" classname="MavenProject.Mavenjava.SeleniumTest"/>
  <system-out/>
</testsuite> <!-- MavenProject.Mavenjava.SeleniumTest -->
