<?xml version="1.0" encoding="UTF-8"?>
<!-- Generated by org.testng.reporters.JUnitReportReporter -->
<testsuite skipped="0" hostname="LAPTOP-7JARMFJD" name="MavenProject.Mavenjava.RESTApiTest" tests="2" failures="0" timestamp="2022-01-17T13:51:27 IST" time="0.000" errors="0">
  <testcase name="postjira" time="0.000" classname="MavenProject.Mavenjava.RESTApiTest"/>
  <system-out/>
  <testcase name="deleteTwitter" time="0.000" classname="MavenProject.Mavenjava.RESTApiTest"/>
  <system-out/>
</testsuite> <!-- MavenProject.Mavenjava.RESTApiTest -->
